<?xml version="1.0" encoding="UTF-8"?>
<!-- Generated by org.testng.reporters.JUnitReportReporter -->
<testsuite hostname="Users-MacBook-Pro.local" failures="0" tests="4" name="GoogleSearch" time="18.177" errors="0" timestamp="2021-03-27T16:08:23 IST" skipped="0">
  <testcase classname="GoogleSearch" name="verifyHomeSearchPage" time="3.000"/>
  <system-out>
Navigated to google.com search box is available autosuggestions are displayed  </system-out>
  <testcase classname="GoogleSearch" name="verifySearchingContent" time="4.287"/>
  <system-out>
Navigated to google.com Searched tesla verified result count landed on tesla site  </system-out>
  <testcase classname="GoogleSearch" name="verifyPaginationCheck" time="5.454"/>
  <system-out>
searched content pagination is available  </system-out>
  <testcase classname="GoogleSearch" name="verifyLanguageChange" time="5.436"/>
  <system-out>
searched content Language is changed to dutch  </system-out>
</testsuite> <!-- GoogleSearch -->
